2025-03-21 17:28:01 - You select: C:\CICFlowMeter\captured_data\pcap_chunks\chunk.pcap
2025-03-21 17:28:01 - Out folder: C:\CICFlowMeter\captured_data\pcap_chunks\
2025-03-21 17:28:01 - CICFlowMeter received 1 pcap file
2025-03-21 17:28:48 - You select: C:\CICFlowMeter\captured_data\pcap_chunks\chunk.pcap
2025-03-21 17:28:48 - Out folder: C:\CICFlowMeter\captured_data\pcap_chunks\hihihihih.csv
2025-03-21 17:28:48 - CICFlowMeter received 1 pcap file
2025-03-21 17:35:19 - You select: C:\CICFlowMeter\captured_data\pcap_chunks\chunk.pcap
2025-03-21 17:35:19 - Out folder: C:\CICFlowMeter\captured_data\pcap_chunks\
2025-03-21 17:35:20 - CICFlowMeter received 1 pcap file
2025-03-21 17:35:35 - You select: C:\CICFlowMeter\captured_data\pcap_chunks\chunk.pcap
2025-03-21 17:35:35 - Out folder: C:\CICFlowMeter\captured_data\pcap_chunks\
2025-03-21 17:35:35 - CICFlowMeter received 1 pcap file
2025-03-21 17:36:10 - You select: C:\CICFlowMeter\captured_data\pcap_chunks\chunk.pcap
2025-03-21 17:36:10 - Out folder: C:\CICFlowMeter\captured_data\pcap_chunks\
2025-03-21 17:36:10 - CICFlowMeter received 1 pcap file
2025-03-21 18:02:33 - You select: C:\Users\admin\OneDrive
2025-03-21 18:02:33 - Out folder: -
2025-03-21 18:02:41 - You select: C:\Users\admin\OneDrive
2025-03-21 18:02:41 - Out folder: -
2025-03-21 18:02:42 - You select: C:\Users\admin\OneDrive
2025-03-21 18:02:42 - Out folder: -
2025-03-21 18:02:45 - You select: C:\Users\admin\OneDrive
2025-03-21 18:02:45 - Out folder: -
2025-03-21 18:03:27 - You select: C:\CICFlowMeter\captured_data\pcap_chunks\chunk.pcap
2025-03-21 18:03:27 - Out folder: C:\CICFlowMeter\captured_data\pcap_chunks\
2025-03-21 18:03:27 - CICFlowMeter received 1 pcap file
2025-03-24 09:41:48 - You select: C:\CICFlowMeter\captured_data\pcap_chunks\chunk.pcap
2025-03-24 09:41:48 - Out folder: C:\CICFlowMeter\captured_data\pcap_chunks\
2025-03-24 09:41:49 - CICFlowMeter received 1 pcap file
2025-03-24 09:43:54 - You select: C:\CICFlowMeter\captured_data\pcap_chunks\chunk.pcap
2025-03-24 09:43:54 - Out folder: C:\CICFlowMeter\captured_data\pcap_chunks
2025-03-24 09:43:54 - CICFlowMeter received 1 pcap file
2025-03-24 09:53:17 - You select: C:\Users\admin\OneDrive
2025-03-24 09:53:17 - Out folder: -
2025-03-24 09:53:55 - You select: C:\Users\admin\OneDrive - Hanoi University of Science and Technology\Pictures\Desktop\VANN\IDS_IoT\captured_data\pcap_chunks\chunk.pcap
2025-03-24 09:53:55 - Out folder: C:\Users\admin\OneDrive - Hanoi University of Science and Technology\Pictures\Desktop\VANN\IDS_IoT\captured_data\pcap_chunks
2025-03-24 09:53:56 - CICFlowMeter received 1 pcap file
2025-03-24 09:59:06 - You select: C:\Users\admin\OneDrive - Hanoi University of Science and Technology\Pictures\Desktop\VANN\IDS_IoT\captured_data\pcap_chunks\chunk.pcap
2025-03-24 09:59:06 - Out folder: C:\Users\admin\OneDrive - Hanoi University of Science and Technology\Pictures\Desktop\VANN\IDS_IoT\captured_data\pcap_chunks
2025-03-24 09:59:06 - CICFlowMeter received 1 pcap file
2025-03-24 10:01:45 - The pcap file or folder does not exist! -> capture_1.pcap
2025-03-24 10:02:33 - You select: C:\Users\admin\OneDrive - Hanoi University of Science and Technology\Pictures\Desktop\VANN\IDS_IoT\TestCICFlowmeter\pcap_splits\capture_1.pcap
2025-03-24 10:02:33 - Out folder: C:\Users\admin\OneDrive - Hanoi University of Science and Technology\Pictures\Desktop\VANN\IDS_IoT\TestCICFlowmeter\csv_files
2025-03-24 10:02:34 - CICFlowMeter received 1 pcap file
2025-03-24 14:11:52 - You select: C:\Users\admin\OneDrive - Hanoi University of Science and Technology\Pictures\Desktop\VANN\IDS_IoT\TestCICFlowmeter\pcap_splits\capture_1.pcap
2025-03-24 14:11:52 - Out folder: C:\Users\admin\OneDrive - Hanoi University of Science and Technology\Pictures\Desktop\VANN\IDS_IoT\TestCICFlowmeter\csv_files
2025-03-24 14:11:52 - CICFlowMeter received 1 pcap file
2025-03-24 17:30:16 - The pcap file or folder does not exist! -> pcap_splits\capture_0.pcap
2025-03-24 17:30:17 - The pcap file or folder does not exist! -> pcap_splits\capture_1.pcap
2025-03-24 17:30:17 - The pcap file or folder does not exist! -> pcap_splits\capture_2.pcap
2025-03-24 17:36:33 - The pcap file or folder does not exist! -> pcap_splits\capture_0.pcap
2025-03-24 17:36:33 - The pcap file or folder does not exist! -> pcap_splits\capture_1.pcap
2025-03-24 17:36:34 - The pcap file or folder does not exist! -> pcap_splits\capture_2.pcap
2025-03-24 17:46:19 - The pcap file or folder does not exist! -> pcap_splits\capture_0.pcap
2025-03-24 17:46:20 - The pcap file or folder does not exist! -> pcap_splits\capture_1.pcap
2025-03-24 17:46:20 - The pcap file or folder does not exist! -> pcap_splits\capture_2.pcap
2025-03-24 17:50:02 - You select: C:\Users\admin\OneDrive - Hanoi University of Science and Technology\Pictures\Desktop\VANN\IDS_IoT\pcap_splits\capture_0.pcap
2025-03-24 17:50:02 - Out folder: csv_cicflowmeter
2025-03-24 17:50:02 - CICFlowMeter received 1 pcap file
2025-03-24 17:50:06 - You select: C:\Users\admin\OneDrive - Hanoi University of Science and Technology\Pictures\Desktop\VANN\IDS_IoT\pcap_splits\capture_1.pcap
2025-03-24 17:50:06 - Out folder: csv_cicflowmeter
2025-03-24 17:50:06 - CICFlowMeter received 1 pcap file
2025-03-24 17:50:09 - You select: C:\Users\admin\OneDrive - Hanoi University of Science and Technology\Pictures\Desktop\VANN\IDS_IoT\pcap_splits\capture_2.pcap
2025-03-24 17:50:09 - Out folder: csv_cicflowmeter
2025-03-24 17:50:09 - CICFlowMeter received 1 pcap file
2025-03-24 17:50:12 - You select: C:\Users\admin\OneDrive - Hanoi University of Science and Technology\Pictures\Desktop\VANN\IDS_IoT\pcap_splits\capture_3.pcap
2025-03-24 17:50:12 - Out folder: csv_cicflowmeter
2025-03-24 17:50:12 - CICFlowMeter received 1 pcap file
2025-03-24 17:50:55 - You select: C:\Users\admin\OneDrive - Hanoi University of Science and Technology\Pictures\Desktop\VANN\IDS_IoT\pcap_splits\capture_4.pcap
2025-03-24 17:50:55 - Out folder: csv_cicflowmeter
2025-03-24 17:50:55 - CICFlowMeter received 1 pcap file
2025-03-24 17:51:24 - You select: C:\Users\admin\OneDrive - Hanoi University of Science and Technology\Pictures\Desktop\VANN\IDS_IoT\pcap_splits\capture_5.pcap
2025-03-24 17:51:24 - Out folder: csv_cicflowmeter
2025-03-24 17:51:24 - CICFlowMeter received 1 pcap file
2025-03-24 17:57:39 - You select: C:\Users\admin\OneDrive - Hanoi University of Science and Technology\Pictures\Desktop\VANN\IDS_IoT\pcap_splits\capture_0.pcap
2025-03-24 17:57:39 - Out folder: csv_cicflowmeter
2025-03-24 17:57:39 - CICFlowMeter received 1 pcap file
2025-03-24 17:57:41 - You select: C:\Users\admin\OneDrive - Hanoi University of Science and Technology\Pictures\Desktop\VANN\IDS_IoT\pcap_splits\capture_0.pcap
2025-03-24 17:57:41 - Out folder: csv_cicflowmeter
2025-03-24 17:57:41 - CICFlowMeter received 1 pcap file
2025-03-24 17:57:43 - You select: C:\Users\admin\OneDrive - Hanoi University of Science and Technology\Pictures\Desktop\VANN\IDS_IoT\pcap_splits\capture_0.pcap
2025-03-24 17:57:43 - Out folder: csv_cicflowmeter
2025-03-24 17:57:44 - CICFlowMeter received 1 pcap file
2025-03-24 17:57:46 - You select: C:\Users\admin\OneDrive - Hanoi University of Science and Technology\Pictures\Desktop\VANN\IDS_IoT\pcap_splits\capture_0.pcap
2025-03-24 17:57:46 - Out folder: csv_cicflowmeter
2025-03-24 17:57:46 - CICFlowMeter received 1 pcap file
2025-03-24 17:57:48 - You select: C:\Users\admin\OneDrive - Hanoi University of Science and Technology\Pictures\Desktop\VANN\IDS_IoT\pcap_splits\capture_0.pcap
2025-03-24 17:57:48 - Out folder: csv_cicflowmeter
2025-03-24 17:57:48 - CICFlowMeter received 1 pcap file
2025-03-24 17:57:51 - You select: C:\Users\admin\OneDrive - Hanoi University of Science and Technology\Pictures\Desktop\VANN\IDS_IoT\pcap_splits\capture_0.pcap
2025-03-24 17:57:51 - Out folder: csv_cicflowmeter
2025-03-24 17:57:51 - CICFlowMeter received 1 pcap file
2025-03-24 17:57:53 - You select: C:\Users\admin\OneDrive - Hanoi University of Science and Technology\Pictures\Desktop\VANN\IDS_IoT\pcap_splits\capture_0.pcap
2025-03-24 17:57:53 - Out folder: csv_cicflowmeter
2025-03-24 17:57:53 - CICFlowMeter received 1 pcap file
2025-03-24 17:57:55 - You select: C:\Users\admin\OneDrive - Hanoi University of Science and Technology\Pictures\Desktop\VANN\IDS_IoT\pcap_splits\capture_0.pcap
2025-03-24 17:57:55 - Out folder: csv_cicflowmeter
2025-03-24 17:57:56 - CICFlowMeter received 1 pcap file
2025-03-24 17:57:58 - You select: C:\Users\admin\OneDrive - Hanoi University of Science and Technology\Pictures\Desktop\VANN\IDS_IoT\pcap_splits\capture_0.pcap
2025-03-24 17:57:58 - Out folder: csv_cicflowmeter
2025-03-24 17:57:58 - CICFlowMeter received 1 pcap file
2025-03-24 17:58:00 - You select: C:\Users\admin\OneDrive - Hanoi University of Science and Technology\Pictures\Desktop\VANN\IDS_IoT\pcap_splits\capture_0.pcap
2025-03-24 17:58:00 - Out folder: csv_cicflowmeter
2025-03-24 17:58:00 - CICFlowMeter received 1 pcap file
2025-03-24 17:58:02 - You select: C:\Users\admin\OneDrive - Hanoi University of Science and Technology\Pictures\Desktop\VANN\IDS_IoT\pcap_splits\capture_0.pcap
2025-03-24 17:58:02 - Out folder: csv_cicflowmeter
2025-03-24 17:58:03 - CICFlowMeter received 1 pcap file
2025-03-24 17:58:05 - You select: C:\Users\admin\OneDrive - Hanoi University of Science and Technology\Pictures\Desktop\VANN\IDS_IoT\pcap_splits\capture_0.pcap
2025-03-24 17:58:05 - Out folder: csv_cicflowmeter
2025-03-24 17:58:05 - CICFlowMeter received 1 pcap file
2025-03-24 17:59:12 - You select: C:\Users\admin\OneDrive - Hanoi University of Science and Technology\Pictures\Desktop\VANN\IDS_IoT\pcap_splits\capture_0.pcap
2025-03-24 17:59:12 - Out folder: csv_cicflowmeter
2025-03-24 17:59:12 - CICFlowMeter received 1 pcap file
2025-03-24 17:59:14 - You select: C:\Users\admin\OneDrive - Hanoi University of Science and Technology\Pictures\Desktop\VANN\IDS_IoT\pcap_splits\capture_0.pcap
2025-03-24 17:59:14 - Out folder: csv_cicflowmeter
2025-03-24 17:59:14 - CICFlowMeter received 1 pcap file
2025-03-24 17:59:16 - You select: C:\Users\admin\OneDrive - Hanoi University of Science and Technology\Pictures\Desktop\VANN\IDS_IoT\pcap_splits\capture_0.pcap
2025-03-24 17:59:16 - Out folder: csv_cicflowmeter
2025-03-24 17:59:17 - CICFlowMeter received 1 pcap file
2025-03-24 17:59:19 - You select: C:\Users\admin\OneDrive - Hanoi University of Science and Technology\Pictures\Desktop\VANN\IDS_IoT\pcap_splits\capture_0.pcap
2025-03-24 17:59:19 - Out folder: csv_cicflowmeter
2025-03-24 17:59:19 - CICFlowMeter received 1 pcap file
2025-03-24 17:59:21 - You select: C:\Users\admin\OneDrive - Hanoi University of Science and Technology\Pictures\Desktop\VANN\IDS_IoT\pcap_splits\capture_0.pcap
2025-03-24 17:59:21 - Out folder: csv_cicflowmeter
2025-03-24 17:59:21 - CICFlowMeter received 1 pcap file
2025-03-24 17:59:24 - You select: C:\Users\admin\OneDrive - Hanoi University of Science and Technology\Pictures\Desktop\VANN\IDS_IoT\pcap_splits\capture_0.pcap
2025-03-24 17:59:24 - Out folder: csv_cicflowmeter
2025-03-24 17:59:24 - CICFlowMeter received 1 pcap file
2025-03-24 17:59:26 - You select: C:\Users\admin\OneDrive - Hanoi University of Science and Technology\Pictures\Desktop\VANN\IDS_IoT\pcap_splits\capture_0.pcap
2025-03-24 17:59:26 - Out folder: csv_cicflowmeter
2025-03-24 17:59:26 - CICFlowMeter received 1 pcap file
2025-03-24 18:03:46 - You select: C:\Users\admin\OneDrive - Hanoi University of Science and Technology\Pictures\Desktop\VANN\IDS_IoT\Final_IDS\pcap_splits\capture_0.pcap
2025-03-24 18:03:46 - Out folder: Final_IDS/csv_cicflowmeter
2025-03-24 18:03:46 - CICFlowMeter received 1 pcap file
2025-03-24 18:03:49 - You select: C:\Users\admin\OneDrive - Hanoi University of Science and Technology\Pictures\Desktop\VANN\IDS_IoT\Final_IDS\pcap_splits\capture_0.pcap
2025-03-24 18:03:49 - Out folder: Final_IDS/csv_cicflowmeter
2025-03-24 18:03:49 - CICFlowMeter received 1 pcap file
2025-03-24 18:03:51 - You select: C:\Users\admin\OneDrive - Hanoi University of Science and Technology\Pictures\Desktop\VANN\IDS_IoT\Final_IDS\pcap_splits\capture_0.pcap
2025-03-24 18:03:51 - Out folder: Final_IDS/csv_cicflowmeter
2025-03-24 18:03:52 - CICFlowMeter received 1 pcap file
2025-03-24 18:03:54 - You select: C:\Users\admin\OneDrive - Hanoi University of Science and Technology\Pictures\Desktop\VANN\IDS_IoT\Final_IDS\pcap_splits\capture_0.pcap
2025-03-24 18:03:54 - Out folder: Final_IDS/csv_cicflowmeter
2025-03-24 18:03:54 - CICFlowMeter received 1 pcap file
2025-03-24 18:03:57 - You select: C:\Users\admin\OneDrive - Hanoi University of Science and Technology\Pictures\Desktop\VANN\IDS_IoT\Final_IDS\pcap_splits\capture_0.pcap
2025-03-24 18:03:57 - Out folder: Final_IDS/csv_cicflowmeter
2025-03-24 18:03:57 - CICFlowMeter received 1 pcap file
2025-03-24 18:03:59 - You select: C:\Users\admin\OneDrive - Hanoi University of Science and Technology\Pictures\Desktop\VANN\IDS_IoT\Final_IDS\pcap_splits\capture_0.pcap
2025-03-24 18:03:59 - Out folder: Final_IDS/csv_cicflowmeter
2025-03-24 18:03:59 - CICFlowMeter received 1 pcap file
2025-03-24 18:04:01 - You select: C:\Users\admin\OneDrive - Hanoi University of Science and Technology\Pictures\Desktop\VANN\IDS_IoT\Final_IDS\pcap_splits\capture_0.pcap
2025-03-24 18:04:01 - Out folder: Final_IDS/csv_cicflowmeter
2025-03-24 18:04:02 - CICFlowMeter received 1 pcap file
2025-03-24 18:04:04 - You select: C:\Users\admin\OneDrive - Hanoi University of Science and Technology\Pictures\Desktop\VANN\IDS_IoT\Final_IDS\pcap_splits\capture_0.pcap
2025-03-24 18:04:04 - Out folder: Final_IDS/csv_cicflowmeter
2025-03-24 18:04:04 - CICFlowMeter received 1 pcap file
2025-03-24 18:04:06 - You select: C:\Users\admin\OneDrive - Hanoi University of Science and Technology\Pictures\Desktop\VANN\IDS_IoT\Final_IDS\pcap_splits\capture_0.pcap
2025-03-24 18:04:06 - Out folder: Final_IDS/csv_cicflowmeter
2025-03-24 18:04:06 - CICFlowMeter received 1 pcap file
2025-03-24 18:04:08 - You select: C:\Users\admin\OneDrive - Hanoi University of Science and Technology\Pictures\Desktop\VANN\IDS_IoT\Final_IDS\pcap_splits\capture_0.pcap
2025-03-24 18:04:08 - Out folder: Final_IDS/csv_cicflowmeter
2025-03-24 18:04:08 - CICFlowMeter received 1 pcap file
2025-03-24 18:04:11 - You select: C:\Users\admin\OneDrive - Hanoi University of Science and Technology\Pictures\Desktop\VANN\IDS_IoT\Final_IDS\pcap_splits\capture_0.pcap
2025-03-24 18:04:11 - Out folder: Final_IDS/csv_cicflowmeter
2025-03-24 18:04:11 - CICFlowMeter received 1 pcap file
2025-03-24 18:04:13 - You select: C:\Users\admin\OneDrive - Hanoi University of Science and Technology\Pictures\Desktop\VANN\IDS_IoT\Final_IDS\pcap_splits\capture_0.pcap
2025-03-24 18:04:13 - Out folder: Final_IDS/csv_cicflowmeter
2025-03-24 18:04:13 - CICFlowMeter received 1 pcap file
2025-03-24 18:04:15 - You select: C:\Users\admin\OneDrive - Hanoi University of Science and Technology\Pictures\Desktop\VANN\IDS_IoT\Final_IDS\pcap_splits\capture_0.pcap
2025-03-24 18:04:15 - Out folder: Final_IDS/csv_cicflowmeter
2025-03-24 18:04:15 - CICFlowMeter received 1 pcap file
2025-03-24 18:04:17 - You select: C:\Users\admin\OneDrive - Hanoi University of Science and Technology\Pictures\Desktop\VANN\IDS_IoT\Final_IDS\pcap_splits\capture_0.pcap
2025-03-24 18:04:17 - Out folder: Final_IDS/csv_cicflowmeter
2025-03-24 18:04:18 - CICFlowMeter received 1 pcap file
2025-03-24 18:04:20 - You select: C:\Users\admin\OneDrive - Hanoi University of Science and Technology\Pictures\Desktop\VANN\IDS_IoT\Final_IDS\pcap_splits\capture_0.pcap
2025-03-24 18:04:20 - Out folder: Final_IDS/csv_cicflowmeter
2025-03-24 18:04:20 - CICFlowMeter received 1 pcap file
2025-03-24 18:04:22 - You select: C:\Users\admin\OneDrive - Hanoi University of Science and Technology\Pictures\Desktop\VANN\IDS_IoT\Final_IDS\pcap_splits\capture_0.pcap
2025-03-24 18:04:22 - Out folder: Final_IDS/csv_cicflowmeter
2025-03-24 18:04:22 - CICFlowMeter received 1 pcap file
2025-03-24 18:04:24 - You select: C:\Users\admin\OneDrive - Hanoi University of Science and Technology\Pictures\Desktop\VANN\IDS_IoT\Final_IDS\pcap_splits\capture_0.pcap
2025-03-24 18:04:24 - Out folder: Final_IDS/csv_cicflowmeter
2025-03-24 18:04:25 - CICFlowMeter received 1 pcap file
2025-03-24 18:04:27 - You select: C:\Users\admin\OneDrive - Hanoi University of Science and Technology\Pictures\Desktop\VANN\IDS_IoT\Final_IDS\pcap_splits\capture_0.pcap
2025-03-24 18:04:27 - Out folder: Final_IDS/csv_cicflowmeter
2025-03-24 18:04:27 - CICFlowMeter received 1 pcap file
2025-03-24 18:04:29 - You select: C:\Users\admin\OneDrive - Hanoi University of Science and Technology\Pictures\Desktop\VANN\IDS_IoT\Final_IDS\pcap_splits\capture_0.pcap
2025-03-24 18:04:29 - Out folder: Final_IDS/csv_cicflowmeter
2025-03-24 18:04:29 - CICFlowMeter received 1 pcap file
2025-03-25 08:46:21 - You select: C:\Users\admin\OneDrive - Hanoi University of Science and Technology\Pictures\Desktop\VANN\IDS_IoT\Final_IDS\pcap_splits\capture_0.pcap
2025-03-25 08:46:21 - Out folder: Final_IDS/csv_cicflowmeter
2025-03-25 08:46:21 - CICFlowMeter received 1 pcap file
2025-03-25 08:46:23 - You select: C:\Users\admin\OneDrive - Hanoi University of Science and Technology\Pictures\Desktop\VANN\IDS_IoT\Final_IDS\pcap_splits\capture_0.pcap
2025-03-25 08:46:23 - Out folder: Final_IDS/csv_cicflowmeter
2025-03-25 08:46:23 - CICFlowMeter received 1 pcap file
2025-03-25 08:46:25 - You select: C:\Users\admin\OneDrive - Hanoi University of Science and Technology\Pictures\Desktop\VANN\IDS_IoT\Final_IDS\pcap_splits\capture_0.pcap
2025-03-25 08:46:25 - Out folder: Final_IDS/csv_cicflowmeter
2025-03-25 08:46:26 - CICFlowMeter received 1 pcap file
2025-03-25 08:46:28 - You select: C:\Users\admin\OneDrive - Hanoi University of Science and Technology\Pictures\Desktop\VANN\IDS_IoT\Final_IDS\pcap_splits\capture_0.pcap
2025-03-25 08:46:28 - Out folder: Final_IDS/csv_cicflowmeter
2025-03-25 08:46:28 - CICFlowMeter received 1 pcap file
2025-03-25 08:46:30 - You select: C:\Users\admin\OneDrive - Hanoi University of Science and Technology\Pictures\Desktop\VANN\IDS_IoT\Final_IDS\pcap_splits\capture_0.pcap
2025-03-25 08:46:30 - Out folder: Final_IDS/csv_cicflowmeter
2025-03-25 08:46:30 - CICFlowMeter received 1 pcap file
2025-03-25 08:46:33 - You select: C:\Users\admin\OneDrive - Hanoi University of Science and Technology\Pictures\Desktop\VANN\IDS_IoT\Final_IDS\pcap_splits\capture_0.pcap
2025-03-25 08:46:33 - Out folder: Final_IDS/csv_cicflowmeter
2025-03-25 08:46:33 - CICFlowMeter received 1 pcap file
2025-03-25 08:46:35 - You select: C:\Users\admin\OneDrive - Hanoi University of Science and Technology\Pictures\Desktop\VANN\IDS_IoT\Final_IDS\pcap_splits\capture_0.pcap
2025-03-25 08:46:35 - Out folder: Final_IDS/csv_cicflowmeter
2025-03-25 08:46:35 - CICFlowMeter received 1 pcap file
2025-03-25 08:49:06 - You select: C:\Users\admin\OneDrive - Hanoi University of Science and Technology\Pictures\Desktop\VANN\IDS_IoT\Final_IDS\pcap_splits\capture_0.pcap
2025-03-25 08:49:06 - Out folder: Final_IDS/csv_cicflowmeter
2025-03-25 08:49:06 - CICFlowMeter received 1 pcap file
2025-03-25 08:51:15 - You select: C:\Users\admin\OneDrive - Hanoi University of Science and Technology\Pictures\Desktop\VANN\IDS_IoT\Final_IDS\pcap_splits\capture_0.pcap
2025-03-25 08:51:15 - Out folder: Final_IDS/csv_cicflowmeter
2025-03-25 08:51:15 - CICFlowMeter received 1 pcap file
2025-03-25 08:54:29 - You select: C:\Users\admin\OneDrive - Hanoi University of Science and Technology\Pictures\Desktop\VANN\IDS_IoT\Final_IDS\pcap_splits\capture_0.pcap
2025-03-25 08:54:29 - Out folder: Final_IDS/csv_cicflowmeter
2025-03-25 08:54:29 - CICFlowMeter received 1 pcap file
2025-03-25 08:55:07 - You select: C:\Users\admin\OneDrive - Hanoi University of Science and Technology\Pictures\Desktop\VANN\IDS_IoT\Final_IDS\pcap_splits\capture_0.pcap
2025-03-25 08:55:07 - Out folder: C:\Users\admin\OneDrive - Hanoi University of Science and Technology\Pictures\Desktop\VANN\IDS_IoT\Final_IDS/csv_cicflowmeter
2025-03-25 08:55:07 - CICFlowMeter received 1 pcap file
2025-03-25 08:56:49 - You select: C:\Users\admin\OneDrive - Hanoi University of Science and Technology\Pictures\Desktop\VANN\IDS_IoT\Final_IDS\pcap_splits\capture_0.pcap
2025-03-25 08:56:49 - Out folder: C:\Users\admin\OneDrive - Hanoi University of Science and Technology\Pictures\Desktop\VANN\IDS_IoT\Final_IDS/csv_cicflowmeter
2025-03-25 08:56:49 - CICFlowMeter received 1 pcap file
2025-03-25 09:00:53 - You select: C:\Users\admin\OneDrive - Hanoi University of Science and Technology\Pictures\Desktop\VANN\IDS_IoT\Final_IDS\pcap_splits\capture_0.pcap
2025-03-25 09:00:53 - Out folder: C:\Users\admin\OneDrive - Hanoi University of Science and Technology\Pictures\Desktop\VANN\IDS_IoT\Final_IDS/csv_cicflowmeter
2025-03-25 09:00:53 - CICFlowMeter received 1 pcap file
2025-03-25 09:03:06 - You select: C:\Users\admin\OneDrive - Hanoi University of Science and Technology\Pictures\Desktop\VANN\IDS_IoT\Final_IDS\pcap_splits\capture_0.pcap
2025-03-25 09:03:06 - Out folder: C:\Users\admin\OneDrive - Hanoi University of Science and Technology\Pictures\Desktop\VANN\IDS_IoT\Final_IDS/csv_cicflowmeter
2025-03-25 09:03:06 - CICFlowMeter received 1 pcap file
2025-03-25 09:09:05 - You select: C:\Users\admin\OneDrive - Hanoi University of Science and Technology\Pictures\Desktop\VANN\IDS_IoT\Final_IDS\pcap_splits\capture_0.pcap
2025-03-25 09:09:05 - Out folder: C:\Users\admin\OneDrive - Hanoi University of Science and Technology\Pictures\Desktop\VANN\IDS_IoT\Final_IDS/csv_cicflowmeter
2025-03-25 09:09:05 - CICFlowMeter received 1 pcap file
2025-03-25 09:10:07 - You select: C:\Users\admin\OneDrive - Hanoi University of Science and Technology\Pictures\Desktop\VANN\IDS_IoT\Final_IDS\pcap_splits\capture_0.pcap
2025-03-25 09:10:07 - Out folder: C:\Users\admin\OneDrive - Hanoi University of Science and Technology\Pictures\Desktop\VANN\IDS_IoT\Final_IDS/csv_cicflowmeter
2025-03-25 09:10:07 - CICFlowMeter received 1 pcap file
2025-03-25 09:10:10 - You select: C:\Users\admin\OneDrive - Hanoi University of Science and Technology\Pictures\Desktop\VANN\IDS_IoT\Final_IDS\pcap_splits\capture_1.pcap
2025-03-25 09:10:10 - Out folder: C:\Users\admin\OneDrive - Hanoi University of Science and Technology\Pictures\Desktop\VANN\IDS_IoT\Final_IDS/csv_cicflowmeter
2025-03-25 09:10:10 - CICFlowMeter received 1 pcap file
2025-03-25 09:10:12 - You select: C:\Users\admin\OneDrive - Hanoi University of Science and Technology\Pictures\Desktop\VANN\IDS_IoT\Final_IDS\pcap_splits\capture_2.pcap
2025-03-25 09:10:12 - Out folder: C:\Users\admin\OneDrive - Hanoi University of Science and Technology\Pictures\Desktop\VANN\IDS_IoT\Final_IDS/csv_cicflowmeter
2025-03-25 09:10:13 - CICFlowMeter received 1 pcap file
2025-03-25 09:10:15 - You select: C:\Users\admin\OneDrive - Hanoi University of Science and Technology\Pictures\Desktop\VANN\IDS_IoT\Final_IDS\pcap_splits\capture_3.pcap
2025-03-25 09:10:15 - Out folder: C:\Users\admin\OneDrive - Hanoi University of Science and Technology\Pictures\Desktop\VANN\IDS_IoT\Final_IDS/csv_cicflowmeter
2025-03-25 09:10:15 - CICFlowMeter received 1 pcap file
2025-03-25 09:12:40 - You select: C:\Users\admin\OneDrive - Hanoi University of Science and Technology\Pictures\Desktop\VANN\IDS_IoT\Final_IDS\pcap_splits\capture_0.pcap
2025-03-25 09:12:40 - Out folder: C:\Users\admin\OneDrive - Hanoi University of Science and Technology\Pictures\Desktop\VANN\IDS_IoT\Final_IDS/csv_cicflowmeter
2025-03-25 09:12:41 - CICFlowMeter received 1 pcap file
2025-03-25 09:16:54 - You select: C:\Users\admin\OneDrive - Hanoi University of Science and Technology\Pictures\Desktop\VANN\IDS_IoT\Final_IDS\pcap_splits\capture_0.pcap
2025-03-25 09:16:54 - Out folder: C:\Users\admin\OneDrive - Hanoi University of Science and Technology\Pictures\Desktop\VANN\IDS_IoT\Final_IDS/csv_cicflowmeter
2025-03-25 09:16:54 - CICFlowMeter received 1 pcap file
2025-03-25 09:17:39 - You select: C:\Users\admin\OneDrive - Hanoi University of Science and Technology\Pictures\Desktop\VANN\IDS_IoT\Final_IDS\pcap_splits\capture_1.pcap
2025-03-25 09:17:39 - Out folder: C:\Users\admin\OneDrive - Hanoi University of Science and Technology\Pictures\Desktop\VANN\IDS_IoT\Final_IDS/csv_cicflowmeter
2025-03-25 09:17:39 - CICFlowMeter received 1 pcap file
2025-03-25 09:17:49 - You select: C:\Users\admin\OneDrive - Hanoi University of Science and Technology\Pictures\Desktop\VANN\IDS_IoT\Final_IDS\pcap_splits\capture_2.pcap
2025-03-25 09:17:49 - Out folder: C:\Users\admin\OneDrive - Hanoi University of Science and Technology\Pictures\Desktop\VANN\IDS_IoT\Final_IDS/csv_cicflowmeter
2025-03-25 09:17:50 - CICFlowMeter received 1 pcap file
2025-03-25 09:18:00 - You select: C:\Users\admin\OneDrive - Hanoi University of Science and Technology\Pictures\Desktop\VANN\IDS_IoT\Final_IDS\pcap_splits\capture_3.pcap
2025-03-25 09:18:00 - Out folder: C:\Users\admin\OneDrive - Hanoi University of Science and Technology\Pictures\Desktop\VANN\IDS_IoT\Final_IDS/csv_cicflowmeter
2025-03-25 09:18:00 - CICFlowMeter received 1 pcap file
2025-03-25 09:18:15 - You select: C:\Users\admin\OneDrive - Hanoi University of Science and Technology\Pictures\Desktop\VANN\IDS_IoT\Final_IDS\pcap_splits\capture_4.pcap
2025-03-25 09:18:15 - Out folder: C:\Users\admin\OneDrive - Hanoi University of Science and Technology\Pictures\Desktop\VANN\IDS_IoT\Final_IDS/csv_cicflowmeter
2025-03-25 09:18:15 - CICFlowMeter received 1 pcap file
2025-03-25 09:19:19 - You select: C:\Users\admin\OneDrive - Hanoi University of Science and Technology\Pictures\Desktop\VANN\IDS_IoT\Final_IDS\pcap_splits\capture_5.pcap
2025-03-25 09:19:19 - Out folder: C:\Users\admin\OneDrive - Hanoi University of Science and Technology\Pictures\Desktop\VANN\IDS_IoT\Final_IDS/csv_cicflowmeter
2025-03-25 09:19:20 - CICFlowMeter received 1 pcap file
2025-03-25 10:17:38 - You select: C:\Users\admin\OneDrive - Hanoi University of Science and Technology\Pictures\Desktop\VANN\IDS_IoT\Final_IDS/pcap_splits/capture_0.pcap
2025-03-25 10:17:38 - Out folder: C:\Users\admin\OneDrive - Hanoi University of Science and Technology\Pictures\Desktop\VANN\IDS_IoT\Final_IDS/csv_cicflowmeter
2025-03-25 10:17:38 - CICFlowMeter received 1 pcap file
2025-03-25 10:18:16 - You select: C:\Users\admin\OneDrive - Hanoi University of Science and Technology\Pictures\Desktop\VANN\IDS_IoT\Final_IDS/pcap_splits/capture_1.pcap
2025-03-25 10:18:16 - Out folder: C:\Users\admin\OneDrive - Hanoi University of Science and Technology\Pictures\Desktop\VANN\IDS_IoT\Final_IDS/csv_cicflowmeter
2025-03-25 10:18:16 - CICFlowMeter received 1 pcap file
2025-03-25 10:18:41 - You select: C:\Users\admin\OneDrive - Hanoi University of Science and Technology\Pictures\Desktop\VANN\IDS_IoT\Final_IDS/pcap_splits/capture_2.pcap
2025-03-25 10:18:41 - Out folder: C:\Users\admin\OneDrive - Hanoi University of Science and Technology\Pictures\Desktop\VANN\IDS_IoT\Final_IDS/csv_cicflowmeter
2025-03-25 10:18:41 - CICFlowMeter received 1 pcap file
2025-03-25 10:19:48 - You select: C:\Users\admin\OneDrive - Hanoi University of Science and Technology\Pictures\Desktop\VANN\IDS_IoT\Final_IDS/pcap_splits/capture_3.pcap
2025-03-25 10:19:48 - Out folder: C:\Users\admin\OneDrive - Hanoi University of Science and Technology\Pictures\Desktop\VANN\IDS_IoT\Final_IDS/csv_cicflowmeter
2025-03-25 10:19:49 - CICFlowMeter received 1 pcap file
2025-03-25 10:21:56 - You select: C:\Users\admin\OneDrive - Hanoi University of Science and Technology\Pictures\Desktop\VANN\IDS_IoT\Final_IDS/pcap_splits/capture_4.pcap
2025-03-25 10:21:56 - Out folder: C:\Users\admin\OneDrive - Hanoi University of Science and Technology\Pictures\Desktop\VANN\IDS_IoT\Final_IDS/csv_cicflowmeter
2025-03-25 10:21:56 - CICFlowMeter received 1 pcap file
2025-03-25 10:24:08 - You select: C:\Users\admin\OneDrive - Hanoi University of Science and Technology\Pictures\Desktop\VANN\IDS_IoT\Final_IDS/pcap_splits/capture_5.pcap
2025-03-25 10:24:08 - Out folder: C:\Users\admin\OneDrive - Hanoi University of Science and Technology\Pictures\Desktop\VANN\IDS_IoT\Final_IDS/csv_cicflowmeter
2025-03-25 10:24:08 - CICFlowMeter received 1 pcap file
2025-03-25 10:24:18 - You select: C:\Users\admin\OneDrive - Hanoi University of Science and Technology\Pictures\Desktop\VANN\IDS_IoT\Final_IDS/pcap_splits/capture_6.pcap
2025-03-25 10:24:18 - Out folder: C:\Users\admin\OneDrive - Hanoi University of Science and Technology\Pictures\Desktop\VANN\IDS_IoT\Final_IDS/csv_cicflowmeter
2025-03-25 10:24:18 - CICFlowMeter received 1 pcap file
2025-03-25 10:24:33 - You select: C:\Users\admin\OneDrive - Hanoi University of Science and Technology\Pictures\Desktop\VANN\IDS_IoT\Final_IDS/pcap_splits/capture_7.pcap
2025-03-25 10:24:33 - Out folder: C:\Users\admin\OneDrive - Hanoi University of Science and Technology\Pictures\Desktop\VANN\IDS_IoT\Final_IDS/csv_cicflowmeter
2025-03-25 10:24:34 - CICFlowMeter received 1 pcap file
2025-03-25 10:24:48 - You select: C:\Users\admin\OneDrive - Hanoi University of Science and Technology\Pictures\Desktop\VANN\IDS_IoT\Final_IDS/pcap_splits/capture_8.pcap
2025-03-25 10:24:48 - Out folder: C:\Users\admin\OneDrive - Hanoi University of Science and Technology\Pictures\Desktop\VANN\IDS_IoT\Final_IDS/csv_cicflowmeter
2025-03-25 10:24:49 - CICFlowMeter received 1 pcap file
2025-03-25 11:51:48 - You select: c:\Users\admin\OneDrive - Hanoi University of Science and Technology\Pictures\Desktop\VANN\IDS_IoT\Final_IDS\pcap_splits\capture_0.pcap
2025-03-25 11:51:48 - Out folder: c:\Users\admin\OneDrive - Hanoi University of Science and Technology\Pictures\Desktop\VANN\IDS_IoT\Final_IDS\csv_cicflowmeter
2025-03-25 11:51:48 - CICFlowMeter received 1 pcap file
2025-03-25 11:51:59 - You select: c:\Users\admin\OneDrive - Hanoi University of Science and Technology\Pictures\Desktop\VANN\IDS_IoT\Final_IDS\pcap_splits\capture_1.pcap
2025-03-25 11:51:59 - Out folder: c:\Users\admin\OneDrive - Hanoi University of Science and Technology\Pictures\Desktop\VANN\IDS_IoT\Final_IDS\csv_cicflowmeter
2025-03-25 11:52:00 - CICFlowMeter received 1 pcap file
2025-03-25 11:53:09 - You select: c:\Users\admin\OneDrive - Hanoi University of Science and Technology\Pictures\Desktop\VANN\IDS_IoT\Final_IDS\pcap_splits\capture_2.pcap
2025-03-25 11:53:09 - Out folder: c:\Users\admin\OneDrive - Hanoi University of Science and Technology\Pictures\Desktop\VANN\IDS_IoT\Final_IDS\csv_cicflowmeter
2025-03-25 11:53:10 - CICFlowMeter received 1 pcap file
2025-03-25 11:56:22 - You select: c:\Users\admin\OneDrive - Hanoi University of Science and Technology\Pictures\Desktop\VANN\IDS_IoT\Final_IDS\pcap_splits\capture_0.pcap
2025-03-25 11:56:22 - Out folder: c:\Users\admin\OneDrive - Hanoi University of Science and Technology\Pictures\Desktop\VANN\IDS_IoT\Final_IDS\csv_cicflowmeter
2025-03-25 11:56:22 - CICFlowMeter received 1 pcap file
2025-03-25 14:43:33 - The pcap file or folder does not exist! -> pcap_splits\capture_0.pcap
2025-03-25 14:44:12 - The pcap file or folder does not exist! -> pcap_splits\capture_1.pcap
2025-03-25 14:45:04 - The pcap file or folder does not exist! -> pcap_splits\capture_2.pcap
2025-03-25 14:48:50 - You select: C:\Users\admin\OneDrive - Hanoi University of Science and Technology\Pictures\Desktop\VANN\IDS_IoT\Final_IDS/pcap_splits\capture_0.pcap
2025-03-25 14:48:50 - Out folder: C:\Users\admin\OneDrive - Hanoi University of Science and Technology\Pictures\Desktop\VANN\IDS_IoT\Final_IDS/csv_cicflowmeter
2025-03-25 14:48:50 - CICFlowMeter received 1 pcap file
2025-03-25 14:49:21 - You select: C:\Users\admin\OneDrive - Hanoi University of Science and Technology\Pictures\Desktop\VANN\IDS_IoT\Final_IDS/pcap_splits\capture_1.pcap
2025-03-25 14:49:21 - Out folder: C:\Users\admin\OneDrive - Hanoi University of Science and Technology\Pictures\Desktop\VANN\IDS_IoT\Final_IDS/csv_cicflowmeter
2025-03-25 14:49:21 - CICFlowMeter received 1 pcap file
2025-03-25 14:51:19 - You select: C:\Users\admin\OneDrive - Hanoi University of Science and Technology\Pictures\Desktop\VANN\IDS_IoT\Final_IDS/pcap_splits\capture_2.pcap
2025-03-25 14:51:19 - Out folder: C:\Users\admin\OneDrive - Hanoi University of Science and Technology\Pictures\Desktop\VANN\IDS_IoT\Final_IDS/csv_cicflowmeter
2025-03-25 14:51:19 - CICFlowMeter received 1 pcap file
2025-03-25 14:54:24 - You select: C:\Users\admin\OneDrive - Hanoi University of Science and Technology\Pictures\Desktop\VANN\IDS_IoT\Final_IDS/pcap_splits\capture_0.pcap
2025-03-25 14:54:24 - Out folder: C:\Users\admin\OneDrive - Hanoi University of Science and Technology\Pictures\Desktop\VANN\IDS_IoT\Final_IDS/csv_cicflowmeter
2025-03-25 14:54:24 - CICFlowMeter received 1 pcap file
2025-03-25 14:54:36 - You select: C:\Users\admin\OneDrive - Hanoi University of Science and Technology\Pictures\Desktop\VANN\IDS_IoT\Final_IDS/pcap_splits\capture_1.pcap
2025-03-25 14:54:36 - Out folder: C:\Users\admin\OneDrive - Hanoi University of Science and Technology\Pictures\Desktop\VANN\IDS_IoT\Final_IDS/csv_cicflowmeter
2025-03-25 14:54:36 - CICFlowMeter received 1 pcap file
2025-03-25 14:54:38 - You select: C:\Users\admin\OneDrive - Hanoi University of Science and Technology\Pictures\Desktop\VANN\IDS_IoT\Final_IDS/pcap_splits\capture_2.pcap
2025-03-25 14:54:38 - Out folder: C:\Users\admin\OneDrive - Hanoi University of Science and Technology\Pictures\Desktop\VANN\IDS_IoT\Final_IDS/csv_cicflowmeter
2025-03-25 14:54:39 - CICFlowMeter received 1 pcap file
2025-03-25 14:56:41 - You select: C:\Users\admin\OneDrive - Hanoi University of Science and Technology\Pictures\Desktop\VANN\IDS_IoT\Final_IDS/pcap_splits\capture_0.pcap
2025-03-25 14:56:41 - Out folder: C:\Users\admin\OneDrive - Hanoi University of Science and Technology\Pictures\Desktop\VANN\IDS_IoT\Final_IDS/csv_cicflowmeter
2025-03-25 14:56:43 - CICFlowMeter received 1 pcap file
2025-03-25 14:57:03 - You select: C:\Users\admin\OneDrive - Hanoi University of Science and Technology\Pictures\Desktop\VANN\IDS_IoT\Final_IDS/pcap_splits\capture_1.pcap
2025-03-25 14:57:03 - Out folder: C:\Users\admin\OneDrive - Hanoi University of Science and Technology\Pictures\Desktop\VANN\IDS_IoT\Final_IDS/csv_cicflowmeter
2025-03-25 14:57:04 - CICFlowMeter received 1 pcap file
2025-03-25 14:58:03 - You select: C:\Users\admin\OneDrive - Hanoi University of Science and Technology\Pictures\Desktop\VANN\IDS_IoT\Final_IDS/pcap_splits\capture_2.pcap
2025-03-25 14:58:03 - Out folder: C:\Users\admin\OneDrive - Hanoi University of Science and Technology\Pictures\Desktop\VANN\IDS_IoT\Final_IDS/csv_cicflowmeter
2025-03-25 14:58:04 - CICFlowMeter received 1 pcap file
2025-03-25 15:30:28 - You select: C:\Users\admin\OneDrive - Hanoi University of Science and Technology\Pictures\Desktop\VANN\IDS_IoT\TestCICFlowmeter\csv_cicflowmeter\capture_1.pcap
2025-03-25 15:30:28 - Out folder: C:\Users\admin\OneDrive - Hanoi University of Science and Technology\Pictures\Desktop\VANN\IDS_IoT\TestCICFlowmeter\csv_cicflowmeter
2025-03-25 15:30:28 - CICFlowMeter received 1 pcap file
2025-03-25 16:39:49 - You select: c:\Users\admin\OneDrive - Hanoi University of Science and Technology\Pictures\Desktop\VANN\IDS_IoT\Final_IDS\backend\data\pcap_splits\capture_0.pcap
2025-03-25 16:39:49 - Out folder: c:\Users\admin\OneDrive - Hanoi University of Science and Technology\Pictures\Desktop\VANN\IDS_IoT\Final_IDS\backend\data\csv_cicflowmeter
2025-03-25 16:39:49 - CICFlowMeter received 1 pcap file
2025-03-25 16:40:18 - You select: c:\Users\admin\OneDrive - Hanoi University of Science and Technology\Pictures\Desktop\VANN\IDS_IoT\Final_IDS\backend\data\pcap_splits\capture_1.pcap
2025-03-25 16:40:18 - Out folder: c:\Users\admin\OneDrive - Hanoi University of Science and Technology\Pictures\Desktop\VANN\IDS_IoT\Final_IDS\backend\data\csv_cicflowmeter
2025-03-25 16:40:18 - CICFlowMeter received 1 pcap file
2025-03-25 16:40:45 - You select: c:\Users\admin\OneDrive - Hanoi University of Science and Technology\Pictures\Desktop\VANN\IDS_IoT\Final_IDS\backend\data\pcap_splits\capture_2.pcap
2025-03-25 16:40:45 - Out folder: c:\Users\admin\OneDrive - Hanoi University of Science and Technology\Pictures\Desktop\VANN\IDS_IoT\Final_IDS\backend\data\csv_cicflowmeter
2025-03-25 16:40:45 - CICFlowMeter received 1 pcap file
2025-03-25 16:41:08 - You select: c:\Users\admin\OneDrive - Hanoi University of Science and Technology\Pictures\Desktop\VANN\IDS_IoT\Final_IDS\backend\data\pcap_splits\capture_3.pcap
2025-03-25 16:41:08 - Out folder: c:\Users\admin\OneDrive - Hanoi University of Science and Technology\Pictures\Desktop\VANN\IDS_IoT\Final_IDS\backend\data\csv_cicflowmeter
2025-03-25 16:41:08 - CICFlowMeter received 1 pcap file
2025-03-25 16:41:37 - You select: c:\Users\admin\OneDrive - Hanoi University of Science and Technology\Pictures\Desktop\VANN\IDS_IoT\Final_IDS\backend\data\pcap_splits\capture_4.pcap
2025-03-25 16:41:37 - Out folder: c:\Users\admin\OneDrive - Hanoi University of Science and Technology\Pictures\Desktop\VANN\IDS_IoT\Final_IDS\backend\data\csv_cicflowmeter
2025-03-25 16:41:37 - CICFlowMeter received 1 pcap file
2025-03-25 16:41:57 - You select: c:\Users\admin\OneDrive - Hanoi University of Science and Technology\Pictures\Desktop\VANN\IDS_IoT\Final_IDS\backend\data\pcap_splits\capture_5.pcap
2025-03-25 16:41:57 - Out folder: c:\Users\admin\OneDrive - Hanoi University of Science and Technology\Pictures\Desktop\VANN\IDS_IoT\Final_IDS\backend\data\csv_cicflowmeter
2025-03-25 16:41:57 - CICFlowMeter received 1 pcap file
2025-03-25 16:42:22 - You select: c:\Users\admin\OneDrive - Hanoi University of Science and Technology\Pictures\Desktop\VANN\IDS_IoT\Final_IDS\backend\data\pcap_splits\capture_6.pcap
2025-03-25 16:42:22 - Out folder: c:\Users\admin\OneDrive - Hanoi University of Science and Technology\Pictures\Desktop\VANN\IDS_IoT\Final_IDS\backend\data\csv_cicflowmeter
2025-03-25 16:42:22 - CICFlowMeter received 1 pcap file
2025-03-25 16:43:00 - You select: c:\Users\admin\OneDrive - Hanoi University of Science and Technology\Pictures\Desktop\VANN\IDS_IoT\Final_IDS\backend\data\pcap_splits\capture_7.pcap
2025-03-25 16:43:00 - Out folder: c:\Users\admin\OneDrive - Hanoi University of Science and Technology\Pictures\Desktop\VANN\IDS_IoT\Final_IDS\backend\data\csv_cicflowmeter
2025-03-25 16:43:00 - CICFlowMeter received 1 pcap file
2025-03-25 16:43:52 - You select: c:\Users\admin\OneDrive - Hanoi University of Science and Technology\Pictures\Desktop\VANN\IDS_IoT\Final_IDS\backend\data\pcap_splits\capture_8.pcap
2025-03-25 16:43:52 - Out folder: c:\Users\admin\OneDrive - Hanoi University of Science and Technology\Pictures\Desktop\VANN\IDS_IoT\Final_IDS\backend\data\csv_cicflowmeter
2025-03-25 16:43:52 - CICFlowMeter received 1 pcap file
2025-03-25 16:44:30 - You select: c:\Users\admin\OneDrive - Hanoi University of Science and Technology\Pictures\Desktop\VANN\IDS_IoT\Final_IDS\backend\data\pcap_splits\capture_9.pcap
2025-03-25 16:44:30 - Out folder: c:\Users\admin\OneDrive - Hanoi University of Science and Technology\Pictures\Desktop\VANN\IDS_IoT\Final_IDS\backend\data\csv_cicflowmeter
2025-03-25 16:44:30 - CICFlowMeter received 1 pcap file
2025-03-25 16:44:42 - You select: c:\Users\admin\OneDrive - Hanoi University of Science and Technology\Pictures\Desktop\VANN\IDS_IoT\Final_IDS\backend\data\pcap_splits\capture_10.pcap
2025-03-25 16:44:42 - Out folder: c:\Users\admin\OneDrive - Hanoi University of Science and Technology\Pictures\Desktop\VANN\IDS_IoT\Final_IDS\backend\data\csv_cicflowmeter
2025-03-25 16:44:42 - CICFlowMeter received 1 pcap file
2025-03-25 16:44:58 - You select: c:\Users\admin\OneDrive - Hanoi University of Science and Technology\Pictures\Desktop\VANN\IDS_IoT\Final_IDS\backend\data\pcap_splits\capture_11.pcap
2025-03-25 16:44:58 - Out folder: c:\Users\admin\OneDrive - Hanoi University of Science and Technology\Pictures\Desktop\VANN\IDS_IoT\Final_IDS\backend\data\csv_cicflowmeter
2025-03-25 16:44:58 - CICFlowMeter received 1 pcap file
2025-03-25 16:45:11 - You select: c:\Users\admin\OneDrive - Hanoi University of Science and Technology\Pictures\Desktop\VANN\IDS_IoT\Final_IDS\backend\data\pcap_splits\capture_12.pcap
2025-03-25 16:45:11 - Out folder: c:\Users\admin\OneDrive - Hanoi University of Science and Technology\Pictures\Desktop\VANN\IDS_IoT\Final_IDS\backend\data\csv_cicflowmeter
2025-03-25 16:45:11 - CICFlowMeter received 1 pcap file
2025-03-25 16:45:23 - You select: c:\Users\admin\OneDrive - Hanoi University of Science and Technology\Pictures\Desktop\VANN\IDS_IoT\Final_IDS\backend\data\pcap_splits\capture_13.pcap
2025-03-25 16:45:23 - Out folder: c:\Users\admin\OneDrive - Hanoi University of Science and Technology\Pictures\Desktop\VANN\IDS_IoT\Final_IDS\backend\data\csv_cicflowmeter
2025-03-25 16:45:23 - CICFlowMeter received 1 pcap file
2025-03-31 10:06:47 - You select: C:\Desktop\VANN\IDS_IoT\Final_IDS\pcap_splits/capture_0.pcap
2025-03-31 10:06:47 - Out folder: C:\Desktop\VANN\IDS_IoT\Final_IDS\csv_cicflowmeter
2025-03-31 10:06:47 - CICFlowMeter received 1 pcap file
2025-03-31 10:08:10 - You select: C:\Desktop\VANN\IDS_IoT\Final_IDS\pcap_splits/capture_0.pcap
2025-03-31 10:08:10 - Out folder: C:\Desktop\VANN\IDS_IoT\Final_IDS\csv_cicflowmeter
2025-03-31 10:08:11 - CICFlowMeter received 1 pcap file
2025-03-31 10:08:37 - You select: C:\Desktop\VANN\IDS_IoT\Final_IDS\pcap_splits/capture_1.pcap
2025-03-31 10:08:37 - Out folder: C:\Desktop\VANN\IDS_IoT\Final_IDS\csv_cicflowmeter
2025-03-31 10:08:38 - CICFlowMeter received 1 pcap file
2025-03-31 10:08:51 - You select: C:\Desktop\VANN\IDS_IoT\Final_IDS\pcap_splits/capture_2.pcap
2025-03-31 10:08:51 - Out folder: C:\Desktop\VANN\IDS_IoT\Final_IDS\csv_cicflowmeter
2025-03-31 10:08:51 - CICFlowMeter received 1 pcap file
2025-03-31 10:09:11 - You select: C:\Desktop\VANN\IDS_IoT\Final_IDS\pcap_splits/capture_3.pcap
2025-03-31 10:09:11 - Out folder: C:\Desktop\VANN\IDS_IoT\Final_IDS\csv_cicflowmeter
2025-03-31 10:09:11 - CICFlowMeter received 1 pcap file
2025-03-31 10:51:30 - You select: C:\Desktop\VANN\IDS_IoT\Final_IDS\pcap_splits/capture_0.pcap
2025-03-31 10:51:30 - Out folder: C:\Desktop\VANN\IDS_IoT\Final_IDS\csv_cicflowmeter
2025-03-31 10:51:30 - CICFlowMeter received 1 pcap file
2025-03-31 10:52:20 - You select: C:\Desktop\VANN\IDS_IoT\Final_IDS\pcap_splits/capture_1.pcap
2025-03-31 10:52:20 - Out folder: C:\Desktop\VANN\IDS_IoT\Final_IDS\csv_cicflowmeter
2025-03-31 10:52:21 - CICFlowMeter received 1 pcap file
2025-03-31 10:54:06 - You select: C:\Desktop\VANN\IDS_IoT\Final_IDS\pcap_splits/capture_2.pcap
2025-03-31 10:54:06 - Out folder: C:\Desktop\VANN\IDS_IoT\Final_IDS\csv_cicflowmeter
2025-03-31 10:54:07 - CICFlowMeter received 1 pcap file
2025-03-31 10:54:58 - You select: C:\Desktop\VANN\IDS_IoT\Final_IDS\pcap_splits/capture_3.pcap
2025-03-31 10:54:58 - Out folder: C:\Desktop\VANN\IDS_IoT\Final_IDS\csv_cicflowmeter
2025-03-31 10:54:58 - CICFlowMeter received 1 pcap file
2025-03-31 10:55:42 - You select: C:\Desktop\VANN\IDS_IoT\Final_IDS\pcap_splits/capture_4.pcap
2025-03-31 10:55:42 - Out folder: C:\Desktop\VANN\IDS_IoT\Final_IDS\csv_cicflowmeter
2025-03-31 10:55:42 - CICFlowMeter received 1 pcap file
2025-03-31 10:56:34 - You select: C:\Desktop\VANN\IDS_IoT\Final_IDS\pcap_splits/capture_5.pcap
2025-03-31 10:56:34 - Out folder: C:\Desktop\VANN\IDS_IoT\Final_IDS\csv_cicflowmeter
2025-03-31 10:56:34 - CICFlowMeter received 1 pcap file
2025-03-31 10:56:47 - You select: C:\Desktop\VANN\IDS_IoT\Final_IDS\pcap_splits/capture_6.pcap
2025-03-31 10:56:47 - Out folder: C:\Desktop\VANN\IDS_IoT\Final_IDS\csv_cicflowmeter
2025-03-31 10:56:48 - CICFlowMeter received 1 pcap file
2025-03-31 10:58:05 - You select: C:\Desktop\VANN\IDS_IoT\Final_IDS\pcap_splits/capture_7.pcap
2025-03-31 10:58:05 - Out folder: C:\Desktop\VANN\IDS_IoT\Final_IDS\csv_cicflowmeter
2025-03-31 10:58:06 - CICFlowMeter received 1 pcap file
2025-03-31 10:59:03 - You select: C:\Desktop\VANN\IDS_IoT\Final_IDS\pcap_splits/capture_8.pcap
2025-03-31 10:59:03 - Out folder: C:\Desktop\VANN\IDS_IoT\Final_IDS\csv_cicflowmeter
2025-03-31 10:59:04 - CICFlowMeter received 1 pcap file
2025-03-31 11:04:25 - You select: C:\Desktop\VANN\IDS_IoT\Final_IDS\pcap_splits/capture_0.pcap
2025-03-31 11:04:25 - Out folder: C:\Desktop\VANN\IDS_IoT\Final_IDS\csv_cicflowmeter
2025-03-31 11:04:26 - CICFlowMeter received 1 pcap file
2025-03-31 11:04:58 - You select: C:\Desktop\VANN\IDS_IoT\Final_IDS\pcap_splits/capture_1.pcap
2025-03-31 11:04:58 - Out folder: C:\Desktop\VANN\IDS_IoT\Final_IDS\csv_cicflowmeter
2025-03-31 11:04:58 - CICFlowMeter received 1 pcap file
2025-03-31 11:12:41 - You select: c:\Desktop\VANN\IDS_IoT\Final_IDS\pcap_splits\capture_0.pcap
2025-03-31 11:12:41 - Out folder: c:\Desktop\VANN\IDS_IoT\Final_IDS\csv_cicflowmeter
2025-03-31 11:12:41 - CICFlowMeter received 1 pcap file
2025-03-31 11:13:08 - You select: c:\Desktop\VANN\IDS_IoT\Final_IDS\pcap_splits\capture_1.pcap
2025-03-31 11:13:08 - Out folder: c:\Desktop\VANN\IDS_IoT\Final_IDS\csv_cicflowmeter
2025-03-31 11:13:08 - CICFlowMeter received 1 pcap file
2025-03-31 11:13:17 - You select: c:\Desktop\VANN\IDS_IoT\Final_IDS\pcap_splits\capture_2.pcap
2025-03-31 11:13:17 - Out folder: c:\Desktop\VANN\IDS_IoT\Final_IDS\csv_cicflowmeter
2025-03-31 11:13:17 - CICFlowMeter received 1 pcap file
2025-03-31 11:13:42 - You select: c:\Desktop\VANN\IDS_IoT\Final_IDS\pcap_splits\capture_3.pcap
2025-03-31 11:13:42 - Out folder: c:\Desktop\VANN\IDS_IoT\Final_IDS\csv_cicflowmeter
2025-03-31 11:13:42 - CICFlowMeter received 1 pcap file
2025-03-31 11:14:12 - You select: c:\Desktop\VANN\IDS_IoT\Final_IDS\pcap_splits\capture_4.pcap
2025-03-31 11:14:12 - Out folder: c:\Desktop\VANN\IDS_IoT\Final_IDS\csv_cicflowmeter
2025-03-31 11:14:12 - CICFlowMeter received 1 pcap file
2025-03-31 11:15:23 - You select: c:\Desktop\VANN\IDS_IoT\Final_IDS\pcap_splits\capture_5.pcap
2025-03-31 11:15:23 - Out folder: c:\Desktop\VANN\IDS_IoT\Final_IDS\csv_cicflowmeter
2025-03-31 11:15:23 - CICFlowMeter received 1 pcap file
2025-03-31 11:16:07 - You select: c:\Desktop\VANN\IDS_IoT\Final_IDS\pcap_splits\capture_6.pcap
2025-03-31 11:16:07 - Out folder: c:\Desktop\VANN\IDS_IoT\Final_IDS\csv_cicflowmeter
2025-03-31 11:16:07 - CICFlowMeter received 1 pcap file
2025-03-31 11:19:12 - You select: c:\Desktop\VANN\IDS_IoT\Final_IDS\pcap_splits\capture_0.pcap
2025-03-31 11:19:12 - Out folder: c:\Desktop\VANN\IDS_IoT\Final_IDS\csv_cicflowmeter
2025-03-31 11:19:12 - CICFlowMeter received 1 pcap file
2025-03-31 11:19:34 - You select: c:\Desktop\VANN\IDS_IoT\Final_IDS\pcap_splits\capture_1.pcap
2025-03-31 11:19:34 - Out folder: c:\Desktop\VANN\IDS_IoT\Final_IDS\csv_cicflowmeter
2025-03-31 11:19:35 - CICFlowMeter received 1 pcap file
2025-03-31 11:21:04 - You select: c:\Desktop\VANN\IDS_IoT\Final_IDS\pcap_splits\capture_0.pcap
2025-03-31 11:21:04 - Out folder: c:\Desktop\VANN\IDS_IoT\Final_IDS\csv_cicflowmeter
2025-03-31 11:21:05 - CICFlowMeter received 1 pcap file
2025-03-31 11:21:30 - You select: c:\Desktop\VANN\IDS_IoT\Final_IDS\pcap_splits\capture_1.pcap
2025-03-31 11:21:30 - Out folder: c:\Desktop\VANN\IDS_IoT\Final_IDS\csv_cicflowmeter
2025-03-31 11:21:30 - CICFlowMeter received 1 pcap file
2025-03-31 11:22:23 - You select: c:\Desktop\VANN\IDS_IoT\Final_IDS\pcap_splits\capture_2.pcap
2025-03-31 11:22:23 - Out folder: c:\Desktop\VANN\IDS_IoT\Final_IDS\csv_cicflowmeter
2025-03-31 11:22:23 - CICFlowMeter received 1 pcap file
2025-03-31 11:22:57 - You select: c:\Desktop\VANN\IDS_IoT\Final_IDS\pcap_splits\capture_3.pcap
2025-03-31 11:22:57 - Out folder: c:\Desktop\VANN\IDS_IoT\Final_IDS\csv_cicflowmeter
2025-03-31 11:22:57 - CICFlowMeter received 1 pcap file
2025-03-31 11:24:08 - You select: c:\Desktop\VANN\IDS_IoT\Final_IDS\pcap_splits\capture_4.pcap
2025-03-31 11:24:08 - Out folder: c:\Desktop\VANN\IDS_IoT\Final_IDS\csv_cicflowmeter
2025-03-31 11:24:08 - CICFlowMeter received 1 pcap file
2025-03-31 11:26:42 - You select: c:\Desktop\VANN\IDS_IoT\Final_IDS\pcap_splits\capture_0.pcap
2025-03-31 11:26:42 - Out folder: c:\Desktop\VANN\IDS_IoT\Final_IDS\csv_cicflowmeter
2025-03-31 11:26:43 - CICFlowMeter received 1 pcap file
